[14:58:03] [main/INFO]: Environment: authHost='https://authserver.mojang.com', accountsHost='https://api.mojang.com', sessionHost='https://sessionserver.mojang.com', servicesHost='https://api.minecraftservices.com', name='PROD'
[14:58:04] [main/WARN]: Ambiguity between arguments [teleport, location] and [teleport, destination] with inputs: [0.1 -0.5 .9, 0 0 0]
[14:58:04] [main/WARN]: Ambiguity between arguments [teleport, location] and [teleport, targets] with inputs: [0.1 -0.5 .9, 0 0 0]
[14:58:04] [main/WARN]: Ambiguity between arguments [teleport, destination] and [teleport, targets] with inputs: [Player, 0123, @e, dd12be42-52a9-4a91-a8a1-11c01849e498]
[14:58:04] [main/WARN]: Ambiguity between arguments [teleport, targets] and [teleport, destination] with inputs: [Player, 0123, dd12be42-52a9-4a91-a8a1-11c01849e498]
[14:58:04] [main/WARN]: Ambiguity between arguments [teleport, targets, location] and [teleport, targets, destination] with inputs: [0.1 -0.5 .9, 0 0 0]
[14:58:04] [main/INFO]: Reloading ResourceManager: Default
[14:58:05] [Worker-Main-12/INFO]: Loaded 7 recipes
[14:58:05] [Worker-Main-12/INFO]: Loaded 1137 advancements
[14:58:07] [Server thread/INFO]: Starting minecraft server version 1.17.1
[14:58:07] [Server thread/INFO]: Loading properties
[14:58:07] [Server thread/INFO]: Default game type: SURVIVAL
[14:58:07] [Server thread/INFO]: Generating keypair
[14:58:07] [Server thread/INFO]: Starting Minecraft server on *:25565
[14:58:07] [Server thread/INFO]: Using epoll channel type
[14:58:07] [Server thread/INFO]: Preparing level "world"
[14:58:13] [Server thread/INFO]: Preparing start region for dimension minecraft:overworld
[14:58:13] [Worker-Main-8/INFO]: Preparing spawn area: 0%
[14:58:13] [Worker-Main-10/INFO]: Preparing spawn area: 0%
[14:58:14] [Worker-Main-13/INFO]: Preparing spawn area: 0%
[14:58:14] [Worker-Main-11/INFO]: Preparing spawn area: 0%
[14:58:15] [Worker-Main-12/INFO]: Preparing spawn area: 0%
[14:58:15] [Worker-Main-11/INFO]: Preparing spawn area: 1%
[14:58:16] [Worker-Main-12/INFO]: Preparing spawn area: 2%
[14:58:16] [Worker-Main-10/INFO]: Preparing spawn area: 2%
[14:58:17] [Worker-Main-10/INFO]: Preparing spawn area: 2%
[14:58:17] [Worker-Main-12/INFO]: Preparing spawn area: 6%
[14:58:18] [Worker-Main-13/INFO]: Preparing spawn area: 6%
[14:58:18] [Worker-Main-14/INFO]: Preparing spawn area: 6%
