[23:03:27] [main/INFO]: Environment: authHost='https://authserver.mojang.com', accountsHost='https://api.mojang.com', sessionHost='https://sessionserver.mojang.com', servicesHost='https://api.minecraftservices.com', name='PROD'
[23:03:28] [main/WARN]: Ambiguity between arguments [teleport, location] and [teleport, destination] with inputs: [0.1 -0.5 .9, 0 0 0]
[23:03:28] [main/WARN]: Ambiguity between arguments [teleport, location] and [teleport, targets] with inputs: [0.1 -0.5 .9, 0 0 0]
[23:03:28] [main/WARN]: Ambiguity between arguments [teleport, destination] and [teleport, targets] with inputs: [Player, 0123, @e, dd12be42-52a9-4a91-a8a1-11c01849e498]
[23:03:28] [main/WARN]: Ambiguity between arguments [teleport, targets] and [teleport, destination] with inputs: [Player, 0123, dd12be42-52a9-4a91-a8a1-11c01849e498]
[23:03:28] [main/WARN]: Ambiguity between arguments [teleport, targets, location] and [teleport, targets, destination] with inputs: [0.1 -0.5 .9, 0 0 0]
[23:03:28] [main/INFO]: Reloading ResourceManager: Default
[23:03:29] [Worker-Main-11/INFO]: Loaded 7 recipes
[23:03:30] [Worker-Main-11/INFO]: Loaded 1137 advancements
[23:03:32] [Server thread/INFO]: Starting minecraft server version 1.17.1
[23:03:32] [Server thread/INFO]: Loading properties
[23:03:32] [Server thread/INFO]: Default game type: SURVIVAL
[23:03:32] [Server thread/INFO]: Generating keypair
[23:03:33] [Server thread/INFO]: Starting Minecraft server on *:25565
[23:03:33] [Server thread/INFO]: Using epoll channel type
[23:03:33] [Server thread/INFO]: Preparing level "world"
[23:03:33] [Server thread/INFO]: Preparing start region for dimension minecraft:overworld
[23:03:34] [Worker-Main-14/INFO]: Preparing spawn area: 0%
[23:03:42] [Worker-Main-11/INFO]: Preparing spawn area: 0%
[23:03:42] [Worker-Main-13/INFO]: Preparing spawn area: 0%
[23:03:42] [Worker-Main-13/INFO]: Preparing spawn area: 0%
[23:03:42] [Worker-Main-13/INFO]: Preparing spawn area: 0%
[23:03:42] [Worker-Main-13/INFO]: Preparing spawn area: 0%
[23:03:42] [Worker-Main-13/INFO]: Preparing spawn area: 0%
[23:03:42] [Worker-Main-13/INFO]: Preparing spawn area: 0%
[23:03:42] [Worker-Main-13/INFO]: Preparing spawn area: 0%
[23:03:42] [Worker-Main-13/INFO]: Preparing spawn area: 0%
[23:03:42] [Worker-Main-13/INFO]: Preparing spawn area: 0%
[23:03:42] [Worker-Main-13/INFO]: Preparing spawn area: 0%
[23:03:42] [Worker-Main-13/INFO]: Preparing spawn area: 0%
[23:03:42] [Worker-Main-13/INFO]: Preparing spawn area: 0%
[23:03:42] [Worker-Main-13/INFO]: Preparing spawn area: 0%
[23:03:42] [Worker-Main-8/INFO]: Preparing spawn area: 0%
[23:03:42] [Worker-Main-8/INFO]: Preparing spawn area: 0%
[23:03:42] [Worker-Main-8/INFO]: Preparing spawn area: 0%
[23:03:42] [Worker-Main-14/INFO]: Preparing spawn area: 7%
[23:03:43] [Worker-Main-11/INFO]: Preparing spawn area: 20%
[23:03:43] [Worker-Main-14/INFO]: Preparing spawn area: 53%
[23:03:44] [Server thread/INFO]: Time elapsed: 10726 ms
[23:03:44] [Server thread/INFO]: Done (10.901s)! For help, type "help"
[23:03:47] [Server thread/WARN]: Can't keep up! Is the server overloaded? Running 2013ms or 40 ticks behind
[22:07:23] [Server thread/INFO]: [Server] ninoni
[22:10:15] [Server thread/INFO]: [Server] ninoninionio
